 Process in group number            1
 A PDF is used, so alpha_s(MZ) is going to be modified
 Old value of alpha_s from param_card:   0.11839999999999999     
  ****************************************
 
       NNPDFDriver version 1.0.3
   Grid: NNPDF23_lo_as_0130_qed_mem0.grid
  ****************************************
 New value of alpha_s from PDF nn23lo1:  0.13000000000000000     
 Define smin to   0.0000000000000000     
 *****************************************************
 *               MadGraph/MadEvent                   *
 *        --------------------------------           *
 *          http://madgraph.hep.uiuc.edu             *
 *          http://madgraph.phys.ucl.ac.be           *
 *          http://madgraph.roma2.infn.it            *
 *        --------------------------------           *
 *                                                   *
 *          PARAMETER AND COUPLING VALUES            *
 *                                                   *
 *****************************************************

  External Params
  ---------------------------------
  
 mdl_cabi =   0.22773599999999999     
 mdl_F =    1000.0000000000000     
 mdl_R =    1.0000000000000000     
 mdl_k =    2.0000000000000000     
 mdl_kl =    2.0000000000000000     
 mdl_MD =    5.0400000000000002E-003
 mdl_MU =    2.5500000000000002E-003
 mdl_MS =   0.10100000000000001     
 mdl_MC =    1.2700000000000000     
 mdl_MB =    4.7000000000000002     
 mdl_MT =    172.00000000000000     
 mdl_Me =    5.1099999999999995E-004
 mdl_MM =   0.10566000000000000     
 mdl_MTA =    1.7769999999999999     
 mdl_MZ =    91.187600000000003     
 mdl_MW =    80.385000000000005     
 mdl_MH =    125.00000000000000     
 mdl_MHd =    2828.4270000000001     
 mdl_MHu =    2807.0309999999999     
 mdl_MHs =    2828.4270000000001     
 mdl_MHc =    2807.0309999999999     
 mdl_MHb =    2828.4270000000001     
 mdl_MHt =    2807.0309999999999     
 mdl_MHTodd =    991.67409999999995     
 mdl_MHTeven =    1402.4390000000001     
 mdl_MHe =    2828.4270000000001     
 mdl_MHve =    2828.4270000000001     
 mdl_MHmu =    2828.4270000000001     
 mdl_MHvm =    2828.4270000000001     
 mdl_MHta =    2828.4270000000001     
 mdl_MHvt =    2828.4270000000001     
 mdl_MAH =    152.94329999999999     
 mdl_MZH =    658.64269999999999     
 mdl_MWH =    658.64269999999999     
 mdl_MPhi0 =    718.43070000000000     
 mdl_MPhiP =    718.43070000000000     
 mdl_MPhiC =    718.43070000000000     
 mdl_MPhiCC =    718.43070000000000     
 aEWM1 =    127.90000000000001     
 mdl_Gf =    1.1663700000000000E-005
 mdl_sw2 =   0.23116000000000000     
 aS =   0.11839999999999999     
 mdl_ymdo =    5.0400000000000002E-003
 mdl_ymup =    2.5500000000000002E-003
 mdl_yms =   0.10100000000000001     
 mdl_ymc =    1.2700000000000000     
 mdl_ymb =    4.7000000000000002     
 mdl_ymt =    172.00000000000000     
 mdl_yme =    5.1099999999999995E-004
 mdl_ymm =   0.10566000000000000     
 mdl_ymtau =    1.7769999999999999     
 mdl_WT =    1.5083359999999999     
 mdl_WZ =    2.4952000000000001     
 mdl_WW =    2.0850000000000000     
 mdl_WH =    5.7530880000000000E-003
 mdl_WHd =    174.48300000000000     
 mdl_WHu =    174.19210000000001     
 mdl_WHs =    174.48290000000000     
 mdl_WHc =    174.19210000000001     
 mdl_WHb =    172.32830000000001     
 mdl_WHt =    172.85159999999999     
 mdl_WHTodd =    3.9458050000000000     
 mdl_WHTeven =    29.871379999999998     
 mdl_WHe =    174.48300000000000     
 mdl_WHve =    178.24820000000000     
 mdl_WHmu =    174.48300000000000     
 mdl_WHvm =    178.24820000000000     
 mdl_WHta =    174.48290000000000     
 mdl_WHvt =    178.24809999999999     
 mdl_WZH =    5.1765980000000003E-002
 mdl_WWH =    6.2025289999999997E-002
 mdl_WPhi0 =   0.26261220000000002     
 mdl_WPhiP =   0.24213930000000000     
 mdl_WPhiC =   0.13131670000000001     
 mdl_WPhiCC =    0.0000000000000000     
  Internal Params
  ---------------------------------
  
 mdl_cw =   0.87683521827079913     
 mdl_sqrt__sw2 =   0.48079101489108550     
 mdl_sw =   0.48079101489108550     
 mdl_cos__cabi =   0.97418004031982097     
 mdl_CKM1x1 =  ( 0.97418004031982097     ,  0.0000000000000000     )
 mdl_sin__cabi =   0.22577256042856930     
 mdl_CKM1x2 =  ( 0.22577256042856930     ,  0.0000000000000000     )
 mdl_CKM1x3 =  (  0.0000000000000000     ,  0.0000000000000000     )
 mdl_CKM2x1 =  (-0.22577256042856930     ,  0.0000000000000000     )
 mdl_CKM2x2 =  ( 0.97418004031982097     ,  0.0000000000000000     )
 mdl_CKM2x3 =  (  0.0000000000000000     ,  0.0000000000000000     )
 mdl_CKM3x1 =  (  0.0000000000000000     ,  0.0000000000000000     )
 mdl_CKM3x2 =  (  0.0000000000000000     ,  0.0000000000000000     )
 mdl_CKM3x3 =  (  1.0000000000000000     ,  0.0000000000000000     )
 mdl_R__exp__2 =    1.0000000000000000     
 mdl_F__exp__2 =    1000000.0000000000     
 mdl_lam2 =   0.98891933563976298     
 mdl_xL =   0.50000000000000000     
 mdl_xL__exp__2 =   0.25000000000000000     
 mdl_d2 =  -0.20833330000000005     
 mdl_lam2__exp__2 =   0.97796145240219012     
 mdl_lamphi2phi2 =   -15.647383238435042     
 mdl_sqrt__2 =    1.4142135623730951     
 mdl_MH__exp__2 =    15625.000000000000     
 mdl_complexi =  (  0.0000000000000000     ,  1.0000000000000000     )
 mdl_cw__exp__2 =   0.76883999999999997     
 mdl_R__exp__3 =    1.0000000000000000     
 mdl_sw__exp__2 =   0.23116000000000000     
 mdl_sw__exp__4 =    5.3434945599999999E-002
 mdl_sqrt__xL =   0.70710678118654757     
 mdl_F__exp__3 =    1000000000.0000000     
 mdl_xL__exp__1_5 =   0.35355339059327379     
 mdl_xL__exp__2_5 =   0.17677669529663689     
 mdl_xL__exp__3 =   0.12500000000000000     
 mdl_conjg__CKM1x1 =  ( 0.97418004031982097     , -0.0000000000000000     )
 mdl_conjg__CKM1x2 =  ( 0.22577256042856930     , -0.0000000000000000     )
 mdl_conjg__CKM1x3 =  (  0.0000000000000000     , -0.0000000000000000     )
 mdl_conjg__CKM2x1 =  (-0.22577256042856930     , -0.0000000000000000     )
 mdl_conjg__CKM2x2 =  ( 0.97418004031982097     , -0.0000000000000000     )
 mdl_conjg__CKM2x3 =  (  0.0000000000000000     , -0.0000000000000000     )
 mdl_conjg__CKM3x1 =  (  0.0000000000000000     , -0.0000000000000000     )
 mdl_conjg__CKM3x2 =  (  0.0000000000000000     , -0.0000000000000000     )
 mdl_conjg__CKM3x3 =  (  1.0000000000000000     , -0.0000000000000000     )
 mdl_aEW =    7.8186082877247844E-003
 mdl_sqrt__aEW =    8.8422894590285753E-002
 mdl_ee =   0.31345100004952897     
 mdl_g1 =   0.35747993866816113     
 mdl_gw =   0.65194853968004296     
 mdl_vSM =    246.59921790591198     
 mdl_g1__exp__2 =   0.12779190655019224     
 mdl_gw__exp__2 =   0.42503689839094055     
 mdl_xH =   0.14585172544611463     
 mdl_g1I =   0.50555297754081574     
 mdl_gwI =   0.92199446678485075     
 mdl_lamphi4 =    3.7415842663019934     
 mdl_vSM__exp__2 =    60811.174271807460     
 mdl_v =    247.86629815203761     
 mdl_sH =    8.8694146939474923E-003
 mdl_v__exp__2 =    61437.701759594805     
 mdl_lam =   0.12716133215025271     
 mdl_lamphi2 =   0.50864532860101086     
 mdl_yb =    2.6816085093894024E-002
 mdl_yc =    7.2460485253713633E-003
 mdl_ydo =    2.8755972100686356E-005
 mdl_ye =    2.9155360602084775E-006
 mdl_ym =    6.0284841511081759E-004
 mdl_ys =    5.7626055201772265E-004
 mdl_yt =   0.98135460343612158     
 mdl_ytau =    1.0138762385499931E-002
 mdl_yup =    1.4549152550942502E-005
 mdl_sH__exp__2 =    7.8666517013211684E-005
 mdl_cH =   0.99996066596791033     
 mdl_muH =    88.388347648318444     
 mdl_lamhphiphih =  -0.67819377146801452     
 mdl_ee__exp__2 =    9.8251529432049817E-002
 mdl_gwI__exp__2 =   0.85007379678188122     
 mdl_cH__exp__2 =   0.99992133348298673     
  Internal Params evaluated point by point
  ----------------------------------------
  
 mdl_sqrt__aS =   0.34409301068170506     
 mdl_G__exp__2 =    1.4878582807401259     
 mdl_G__exp__3 =    1.8148567439626970     
 mdl_G__exp__4 =    2.2137222635669636     
  Couplings of LHTkl
  ---------------------------------
  
       GC_141 =  -0.00000E+00  -0.31675E+02
       GC_206 =  -0.00000E+00  -0.38639E-01
       GC_208 =   0.00000E+00  -0.32008E-01
       GC_209 =   0.00000E+00  -0.74182E-02
       GC_211 =   0.00000E+00   0.74182E-02
       GC_212 =   0.00000E+00  -0.32008E-01
       GC_214 =   0.00000E+00   0.00000E+00
       GC_215 =   0.00000E+00   0.00000E+00
       GC_235 =  -0.00000E+00  -0.51237E-02
       GC_236 =  -0.00000E+00  -0.20334E-04
       GC_239 =  -0.00000E+00  -0.40748E-03
       GC_242 =  -0.00000E+00  -0.10288E-04
       GC_246 =   0.00000E+00  -0.32008E-01
       GC_250 =   0.00000E+00  -0.74182E-02
       GC_258 =   0.00000E+00   0.74182E-02
       GC_262 =   0.00000E+00  -0.32008E-01
       GC_270 =   0.00000E+00   0.00000E+00
       GC_274 =   0.00000E+00   0.00000E+00

 Collider parameters:
 --------------------

 Running at P P   machine @    13000.000000000000       GeV
 PDF set = nn23lo1
 alpha_s(Mz)= 0.1300 running at 2 loops.
 alpha_s(Mz)= 0.1300 running at 2 loops.
 Renormalization scale set on event-by-event basis
 Factorization   scale set on event-by-event basis


 getting user params
Enter number of events and max and min iterations: 
 Number of events and iterations         1000           5           3
Enter desired fractional accuracy: 
 Desired fractional accuracy:   0.10000000000000001     
Enter 0 for fixed, 2 for adjustable grid: 
Suppress amplitude (0 no, 1 yes)? 
 Using suppressed amplitude.
Exact helicity sum (0 yes, n = number/event)? 
 Explicitly summing over helicities
Enter Configuration Number: 
Running Configuration Number:    2
 Not subdividing B.W.
 Attempting mappinvarients           1           4
 Completed mapping           4
 about to integrate            4        1000           5           3           4           1
 Using non-zero grid deformation.
  4 dimensions   1000 events  4 invarients  5 iterations  1 config(s),  (0.99)
 Using h-tuple random number sequence.
 Error opening grid
 Using Uniform Grid!          16
 Using uniform alpha   1.0000000000000000     
 Grid defined OK
 Set CM energy to      13000.00
 Mapping Graph           2  to config           2
Setting grid   1    0.13841E-03   1
 Transforming s_hat 1/s            3   5.5364859206840245E-004   0.0000000000000000        168999999.99999997     
   2   1   2   3   4
 Masses: 0.127E+01 0.127E+01 0.153E+03 0.153E+03
Using random seed offsets     2 :      6
  with seed                   24
 Ranmar initialization seeds       31060        9403
 
 ********************************************
 * You are using the DiscreteSampler module *
 *      part of the MG5_aMC framework       *
 *         Author: Valentin Hirschi         *
 ********************************************
 
  Particle       3       4
      Et >     0.0     0.0
       E >     0.0     0.0
     Eta <    -1.0    -1.0
   xqcut:      0.0     0.0
d R # 3  >    -0.0     0.0
s min # 3>     0.0     0.0
xqcutij # 3>     0.0     0.0
 alpha_s for scale    154.57913516180184       is   0.11949564364057177     
 Added good helicity           10  0.74991447943827982       in event            1 local:           1
 Added good helicity           14   16.259176081153136       in event            1 local:           1
 Added good helicity           15   1.9519959737590324E-008  in event            1 local:           1
 Added good helicity           18  0.74905370569424934       in event            1 local:           1
 Added good helicity           19  0.74905370569424934       in event            1 local:           1
 Added good helicity           20   1.9519959737590324E-008  in event            1 local:           1
 Added good helicity           23   16.259176081153136       in event            1 local:           1
 Added good helicity           27  0.74991447943827982       in event            1 local:           1
 Added good helicity           28   1.8494835939966890E-004  in event            1 local:           1
 Added good helicity           29  0.23833545950315305       in event            1 local:           1
 Added good helicity           30   7.6033393680820314E-004  in event            1 local:           1
 Added good helicity           31   4.3052294094259806E-006  in event            1 local:           1
 Added good helicity           32   5.9016350069244668E-003  in event            1 local:           1
 Added good helicity           33  0.23833545950315321       in event            1 local:           1
 Added good helicity           35   4.3052294094259798E-006  in event            1 local:           1
 Added good helicity           36   1.8494835939966890E-004  in event            1 local:           1
 Added good helicity           10  0.74991447943827982       in event            1 local:           1
 Added good helicity           14   16.259176081153136       in event            1 local:           1
 Added good helicity           15   1.9519959737590324E-008  in event            1 local:           1
 Added good helicity           18  0.74905370569424934       in event            1 local:           1
 Added good helicity           19  0.74905370569424934       in event            1 local:           1
 Added good helicity           20   1.9519959737590324E-008  in event            1 local:           1
 Added good helicity           23   16.259176081153136       in event            1 local:           1
 Added good helicity           27  0.74991447943827982       in event            1 local:           1
 Added good helicity           28   1.8494835939966890E-004  in event            1 local:           1
 Added good helicity           29  0.23833545950315305       in event            1 local:           1
 Added good helicity           30   7.6033393680820314E-004  in event            1 local:           1
 Added good helicity           31   4.3052294094259806E-006  in event            1 local:           1
 Added good helicity           32   5.9016350069244668E-003  in event            1 local:           1
 Added good helicity           33  0.23833545950315321       in event            1 local:           1
 Added good helicity           35   4.3052294094259798E-006  in event            1 local:           1
 Added good helicity           36   1.8494835939966890E-004  in event            1 local:           1
 Added good helicity           17   1.9519959737590324E-008  in event            2 local:           2
 Added good helicity           22   1.9519959737590324E-008  in event            2 local:           2
 Added good helicity           34   7.6033393680820314E-004  in event            2 local:           2
 Added good helicity           17   1.9519959737590324E-008  in event            2 local:           2
 Added good helicity           22   1.9519959737590324E-008  in event            2 local:           2
 Added good helicity           34   7.6033393680820314E-004  in event            2 local:           2
 Added good helicity           11   5.3911544118946276E-008  in event            4 local:           4
 Added good helicity           13   3.6689802389281317E-008  in event            4 local:           4
 Added good helicity           24   5.3911544118919767E-008  in event            4 local:           4
 Added good helicity           26   3.6689802389303505E-008  in event            4 local:           4
 Added good helicity           11   5.3911544118946276E-008  in event            3 local:           3
 Added good helicity           13   3.6689802389281317E-008  in event            3 local:           3
 Added good helicity           24   5.3911544118919767E-008  in event            3 local:           3
 Added good helicity           26   3.6689802389303505E-008  in event            3 local:           3
 Added good helicity           12   1.6498882767269730E-008  in event           15 local:          15
 Added good helicity           16   1.6498882767269737E-008  in event           15 local:          15
 Added good helicity           21   1.6498882767269744E-008  in event           15 local:          15
 Added good helicity           25   1.6498882767269737E-008  in event           15 local:          15
 Added good helicity           12   1.6498882767269730E-008  in event           12 local:          12
 Added good helicity           16   1.6498882767269737E-008  in event           12 local:          12
 Added good helicity           21   1.6498882767269744E-008  in event           12 local:          12
 Added good helicity           25   1.6498882767269737E-008  in event           12 local:          12
 RESET CUMULATIVE VARIABLE
 RESET CUMULATIVE VARIABLE
 RESET CUMULATIVE VARIABLE
 Iteration  1   Mean: 0.6338E-07 Abs mean: 0.6338E-07   Fluctuation:  0.174E-07   0.935E-05   100.0%
  1    0.6338E-07 0.6338E-07 +- 0.1737E-07      8.67
 Writing out events   1.2676623282393862E-011   8.6667660877812516     
 Relative summed weights:
  0.4296E+00  0.8690E-01
  0.2996E+00  0.1840E+00
 Relative number of events:
  0.2762E+00  0.2584E+00
  0.2455E+00  0.2198E+00
 Events:
         279         261
         248         222
 Iteration  2   Mean: 0.9787E-07 Abs mean: 0.9787E-07   Fluctuation:  0.182E-07   0.307E-04   100.0%
  2    0.9787E-07 0.9787E-07 +- 0.1815E-07      8.30
 Relative summed weights:
  0.2393E+00  0.1789E+00
  0.2444E+00  0.3374E+00
 Relative number of events:
  0.2375E+00  0.2500E+00
  0.2570E+00  0.2555E+00
 Events:
         475         500
         514         511
 Iteration  3   Mean: 0.8278E-07 Abs mean: 0.8278E-07   Fluctuation:  0.556E-08   0.173E-04   100.0%
  3    0.8278E-07 0.8278E-07 +- 0.5559E-08      4.25
 Relative summed weights:
  0.2524E+00  0.2454E+00
  0.2560E+00  0.2462E+00
 Relative number of events:
  0.2402E+00  0.2457E+00
  0.2654E+00  0.2487E+00
 Events:
         960         982
        1061         994
 Accuracy:    0.056   0.100   0.062   0.826
 Finished due to accuracy    5.5923019373980538E-002  0.10000000000000001     

 -------------------------------------------------------------------------------
 Accumulated results:   Integral =  0.8346E-07
                        Std dev  =  0.5136E-08
                       Cross sec =  0.8346E-07
             Chi**2 per DoF.     =      0.8259
 -------------------------------------------------------------------------------
 Found          276  events.
 Wrote           21  events.
 Actual xsec    8.3463265098571109E-008
 Correct abs xsec    8.3463265098581631E-008
 Event xsec    8.3463265098581605E-008
 Events wgts > 1:            1
 % Cross section > 1:    2.2630552310249404E-017   2.7114386531032074E-008
-------------------------------------------------
---------------------------
 Results Last   3 iters: Integral =   0.8346E-07
                     Abs integral =   0.8346E-07
                          Std dev =   0.5136E-08
                  Chi**2 per DoF. =      0.9907
-------------------------------------------------
---------------------------
 Status  0.10000000000000001                4           5

ls status:
events.lhe
ftn26
input_app.txt
results.dat
run1_app.log
