 Process in group number            1
 A PDF is used, so alpha_s(MZ) is going to be modified
 Old value of alpha_s from param_card:   0.11799999999999999     
  ****************************************
 
       NNPDFDriver version 1.0.3
   Grid: NNPDF23_lo_as_0130_qed_mem0.grid
  ****************************************
 New value of alpha_s from PDF nn23lo1:  0.13000000000000000     
 Define smin to   0.0000000000000000     
 Define smin to   0.0000000000000000     
 *****************************************************
 *               MadGraph/MadEvent                   *
 *        --------------------------------           *
 *          http://madgraph.hep.uiuc.edu             *
 *          http://madgraph.phys.ucl.ac.be           *
 *          http://madgraph.roma2.infn.it            *
 *        --------------------------------           *
 *                                                   *
 *          PARAMETER AND COUPLING VALUES            *
 *                                                   *
 *****************************************************

  External Params
  ---------------------------------
  
 mdl_MB =    4.7000000000000002     
 mdl_MT =    173.00000000000000     
 mdl_MTA =    1.7769999999999999     
 mdl_MZ =    91.188000000000002     
 mdl_MH =    125.00000000000000     
 aEWM1 =    132.50700000000001     
 mdl_Gf =    1.1663900000000000E-005
 aS =   0.11799999999999999     
 mdl_ymb =    4.7000000000000002     
 mdl_ymt =    173.00000000000000     
 mdl_ymtau =    1.7769999999999999     
 mdl_WT =    1.4915000000000000     
 mdl_WZ =    2.4414039999999999     
 mdl_WW =    2.0476000000000001     
 mdl_WH =    6.3823389999999999E-003
  Internal Params
  ---------------------------------
  
 mdl_conjg__CKM3x3 =    1.0000000000000000     
 mdl_CKM3x3 =    1.0000000000000000     
 mdl_conjg__CKM1x1 =    1.0000000000000000     
 mdl_complexi =  (  0.0000000000000000     ,  1.0000000000000000     )
 mdl_MZ__exp__2 =    8315.2513440000002     
 mdl_MZ__exp__4 =    69143404.913893804     
 mdl_sqrt__2 =    1.4142135623730951     
 mdl_MH__exp__2 =    15625.000000000000     
 mdl_aEW =    7.5467711139788835E-003
 mdl_MW =    80.419002445756163     
 mdl_sqrt__aEW =    8.6872153846781555E-002
 mdl_ee =   0.30795376724436879     
 mdl_MW__exp__2 =    6467.2159543705357     
 mdl_sw2 =   0.22224648578577766     
 mdl_cw =   0.88190334743339216     
 mdl_sqrt__sw2 =   0.47143025548407230     
 mdl_sw =   0.47143025548407230     
 mdl_g1 =   0.34919219678733299     
 mdl_gw =   0.65323293034757990     
 mdl_vev =    246.21845810181637     
 mdl_vev__exp__2 =    60623.529110035903     
 mdl_lam =   0.12886910601690263     
 mdl_yb =    2.6995554250465490E-002
 mdl_yt =   0.99366614581500623     
 mdl_ytau =    1.0206617000654717E-002
 mdl_muH =    88.388347648318430     
 mdl_I1x33 =  (  2.6995554250465490E-002,  0.0000000000000000     )
 mdl_I2x33 =  ( 0.99366614581500623     ,  0.0000000000000000     )
 mdl_I3x33 =  ( 0.99366614581500623     ,  0.0000000000000000     )
 mdl_I4x33 =  (  2.6995554250465490E-002,  0.0000000000000000     )
 mdl_ee__exp__2 =    9.4835522759998875E-002
 mdl_sw__exp__2 =   0.22224648578577769     
 mdl_cw__exp__2 =   0.77775351421422245     
  Internal Params evaluated point by point
  ----------------------------------------
  
 mdl_sqrt__aS =   0.34351128074635334     
 mdl_G__exp__2 =    1.4828317324943823     
  Couplings of sm
  ---------------------------------
  
         GC_1 =  -0.00000E+00  -0.10265E+00
         GC_2 =   0.00000E+00   0.20530E+00
         GC_4 =   0.00000E+00   0.30795E+00
        GC_50 =  -0.00000E+00  -0.28804E+00
        GC_51 =   0.00000E+00   0.28804E+00
        GC_53 =   0.00000E+00   0.57609E+00
        GC_58 =  -0.00000E+00  -0.27437E-01
       GC_100 =   0.00000E+00   0.46191E+00

 Collider parameters:
 --------------------

 Running at P P   machine @    13000.000000000000       GeV
 PDF set = nn23lo1
 alpha_s(Mz)= 0.1300 running at 2 loops.
 alpha_s(Mz)= 0.1300 running at 2 loops.
 Renormalization scale set on event-by-event basis
 Factorization   scale set on event-by-event basis


 getting user params
Enter number of events and max and min iterations: 
 Number of events and iterations         1000           5           3
Enter desired fractional accuracy: 
 Desired fractional accuracy:   0.10000000000000001     
Enter 0 for fixed, 2 for adjustable grid: 
Suppress amplitude (0 no, 1 yes)? 
 Using suppressed amplitude.
Exact helicity sum (0 yes, n = number/event)? 
 Explicitly summing over helicities
Enter Configuration Number: 
Running Configuration Number:    2
 Using dconfig=           2
 BW Setting            2           0
 Attempting mappinvarients           1           4
 Completed mapping           4
 about to integrate            4        1000           5           3           4           1
 Using non-zero grid deformation.
  4 dimensions   1000 events  4 invarients  5 iterations  1 config(s),  (0.99)
 Using h-tuple random number sequence.
 Error opening grid
 Using Uniform Grid!          16
 Using uniform alpha   1.0000000000000000     
 Grid defined OK
 Set CM energy to      13000.00
 Mapping Graph           2  to config           2
Setting grid   1    0.15307E-03   1
 Transforming s_hat 1/s            3   1.5307020010344466E-004   0.0000000000000000        168999999.99999997     
   2   1   2   3   4
 Masses: 0.000E+00 0.000E+00 0.804E+02 0.804E+02
Using random seed offsets     2 :      1
  with seed                   42
 Ranmar initialization seeds       22921        9417
 
 ********************************************
 * You are using the DiscreteSampler module *
 *      part of the MG5_aMC framework       *
 *         Author: Valentin Hirschi         *
 ********************************************
 
  Particle       3       4
      Et >     0.0     0.0
       E >     0.0     0.0
     Eta <    -1.0    -1.0
   xqcut:      0.0     0.0
d R # 3  >    -0.0     0.0
s min # 3>     0.0     0.0
xqcutij # 3>     0.0     0.0
 Excluding BW           -1           1
 alpha_s for scale    80.846974721232726       is   0.13266648620148738     
 Added good helicity            2   2.2829108912202565E-006  in event            1 local:           1
 Added good helicity            3   7.7597938546507530E-005  in event            1 local:           1
 Added good helicity            4   2.2829108912202565E-006  in event            1 local:           1
 Added good helicity            5   9.2694765693536289E-004  in event            1 local:           1
 Added good helicity            6   1.5912892447589901E-002  in event            1 local:           1
 Added good helicity            7   7.7597938546507530E-005  in event            1 local:           1
 Added good helicity            8   1.5912892447589901E-002  in event            1 local:           1
 Added good helicity           28   4.9889813829733036       in event            1 local:           1
 Added good helicity           29   13.963381697754439       in event            1 local:           1
 Added good helicity           30  0.51994149977758120       in event            1 local:           1
 Added good helicity           31   13.963381697754439       in event            1 local:           1
 Added good helicity           32   1.9286496356631257       in event            1 local:           1
 Added good helicity           33   4.1047178968585868E-002  in event            1 local:           1
 Added good helicity           34  0.51994149977758097       in event            1 local:           1
 Added good helicity           35   4.1047178968585868E-002  in event            1 local:           1
 Added good helicity           36   7.1573411136886464E-004  in event            1 local:           1
 Added good helicity            2   2.2829108912202565E-006  in event            1 local:           1
 Added good helicity            3   7.7597938546507530E-005  in event            1 local:           1
 Added good helicity            4   2.2829108912202565E-006  in event            1 local:           1
 Added good helicity            5   9.2694765693536289E-004  in event            1 local:           1
 Added good helicity            6   1.5912892447589901E-002  in event            1 local:           1
 Added good helicity            7   7.7597938546507530E-005  in event            1 local:           1
 Added good helicity            8   1.5912892447589901E-002  in event            1 local:           1
 Added good helicity           28   4.9889813829733036       in event            1 local:           1
 Added good helicity           29   13.963381697754439       in event            1 local:           1
 Added good helicity           30  0.51994149977758120       in event            1 local:           1
 Added good helicity           31   13.963381697754439       in event            1 local:           1
 Added good helicity           32   1.9286496356631257       in event            1 local:           1
 Added good helicity           33   4.1047178968585868E-002  in event            1 local:           1
 Added good helicity           34  0.51994149977758097       in event            1 local:           1
 Added good helicity           35   4.1047178968585868E-002  in event            1 local:           1
 Added good helicity           36   7.1573411136886464E-004  in event            1 local:           1
 RESET CUMULATIVE VARIABLE
 RESET CUMULATIVE VARIABLE
 RESET CUMULATIVE VARIABLE
 Iteration  1   Mean: 0.7713E+01 Abs mean: 0.7713E+01   Fluctuation:  0.488E+00   0.231E+03    99.9%
  1    0.7713E+01 0.7713E+01 +- 0.4882E+00      2.00
 Writing out events   1.5441514589957638E-003   2.0015916642268512     
 Relative summed weights:
  0.4676E+00  0.4629E+00  0.5086E-01  0.1868E-01
 Relative number of events:
  0.4619E+00  0.4659E+00  0.3561E-01  0.3660E-01
 Events:
         467         471          36          37
 Iteration  2   Mean: 0.1116E+02 Abs mean: 0.1116E+02   Fluctuation:  0.177E+01   0.337E+04   100.0%
  2    0.1116E+02 0.1116E+02 +- 0.1772E+01      7.10
 Relative summed weights:
  0.3028E+00  0.3305E+00  0.2542E+00  0.1125E+00
 Relative number of events:
  0.4550E+00  0.4705E+00  0.3900E-01  0.3550E-01
 Events:
         910         941          78          71
 Iteration  3   Mean: 0.1484E+02 Abs mean: 0.1484E+02   Fluctuation:  0.158E+01   0.346E+04   100.0%
  3    0.1484E+02 0.1484E+02 +- 0.1578E+01      6.72
 Relative summed weights:
  0.2407E+00  0.2510E+00  0.2079E+00  0.3003E+00
 Relative number of events:
  0.4575E+00  0.4755E+00  0.2975E-01  0.3725E-01
 Events:
        1830        1902         119         149
 Accuracy:    0.218   0.100   0.051  17.961
 Found          336  events.
 Wrote           18  events.
 Actual xsec    9.7464320526372390     
 Correct abs xsec    9.7464320526372390     
 Event xsec    9.7464320526372390     
 Events wgts > 1:            1
 % Cross section > 1:    2.0557160751444314E-008   2.1091985908711951E-007
 Iteration  4   Mean: 0.1363E+02 Abs mean: 0.1363E+02   Fluctuation:  0.659E+00   0.254E+04   100.0%
  4    0.1363E+02 0.1363E+02 +- 0.6593E+00      4.33
 Relative summed weights:
  0.2685E+00  0.2572E+00  0.2047E+00  0.2696E+00
 Relative number of events:
  0.4729E+00  0.4614E+00  0.3288E-01  0.3288E-01
 Events:
        3783        3691         263         263
 Accuracy:    0.138   0.100   0.035  15.389
 Found          550  events.
 Wrote           54  events.
 Actual xsec    13.647209823868650     
 Correct abs xsec    13.647209823868650     
 Event xsec    13.647209823868653     
 Events wgts > 1:            1
 % Cross section > 1:   0.11261233926292491       0.82516749369507414     
 Iteration  5   Mean: 0.1400E+02 Abs mean: 0.1400E+02   Fluctuation:  0.361E+00   0.998E+03   100.0%
  5    0.1400E+02 0.1400E+02 +- 0.3612E+00      3.26
 Relative summed weights:
  0.2545E+00  0.2587E+00  0.2616E+00  0.2253E+00
 Relative number of events:
  0.4660E+00  0.4629E+00  0.3656E-01  0.3456E-01
 Events:
        7456        7406         585         553
 Accuracy:    0.074   0.100   0.021  12.776
 Finished due to accuracy    7.4420325934976606E-002  0.10000000000000001     

 -------------------------------------------------------------------------------
 Accumulated results:   Integral =  0.1323E+02
                        Std dev  =  0.2755E+00
                       Cross sec =  0.1323E+02
             Chi**2 per DoF.     =     12.7757
 -------------------------------------------------------------------------------
 Found         1276  events.
 Wrote          345  events.
 Actual xsec    13.956143992468718     
 Correct abs xsec    13.956143992468718     
 Event xsec    13.956143992468734     
 Events wgts > 1:           15
 % Cross section > 1:   0.12784558466209717       0.91605234749001963     
-------------------------------------------------
---------------------------
 Results Last   3 iters: Integral =   0.1396E+02
                     Abs integral =   0.1396E+02
                          Std dev =   0.3107E+00
                  Chi**2 per DoF. =      0.2871
-------------------------------------------------
---------------------------
 Status  0.10000000000000001                6           5

ls status:
events.lhe
ftn26
input_app.txt
multijob.dat
results.dat
run_01_log.txt
run_02_log.txt
run1_app.log
