 Process in group number            3
 A PDF is used, so alpha_s(MZ) is going to be modified
 Old value of alpha_s from param_card:   0.11799999999999999     
  ****************************************
 
       NNPDFDriver version 1.0.3
   Grid: NNPDF23_lo_as_0130_qed_mem0.grid
  ****************************************
 New value of alpha_s from PDF nn23lo1:  0.13000000000000000     
 Define smin to   0.0000000000000000     
 Define smin to   0.0000000000000000     
 *****************************************************
 *               MadGraph/MadEvent                   *
 *        --------------------------------           *
 *          http://madgraph.hep.uiuc.edu             *
 *          http://madgraph.phys.ucl.ac.be           *
 *          http://madgraph.roma2.infn.it            *
 *        --------------------------------           *
 *                                                   *
 *          PARAMETER AND COUPLING VALUES            *
 *                                                   *
 *****************************************************

  External Params
  ---------------------------------
  
 mdl_MB =    4.7000000000000002     
 mdl_MT =    173.00000000000000     
 mdl_MTA =    1.7769999999999999     
 mdl_MZ =    91.188000000000002     
 mdl_MH =    125.00000000000000     
 aEWM1 =    132.50700000000001     
 mdl_Gf =    1.1663900000000000E-005
 aS =   0.11799999999999999     
 mdl_ymb =    4.7000000000000002     
 mdl_ymt =    173.00000000000000     
 mdl_ymtau =    1.7769999999999999     
 mdl_WT =    1.4915000000000000     
 mdl_WZ =    2.4414039999999999     
 mdl_WW =    2.0476000000000001     
 mdl_WH =    6.3823389999999999E-003
  Internal Params
  ---------------------------------
  
 mdl_conjg__CKM3x3 =    1.0000000000000000     
 mdl_CKM3x3 =    1.0000000000000000     
 mdl_conjg__CKM1x1 =    1.0000000000000000     
 mdl_complexi =  (  0.0000000000000000     ,  1.0000000000000000     )
 mdl_MZ__exp__2 =    8315.2513440000002     
 mdl_MZ__exp__4 =    69143404.913893804     
 mdl_sqrt__2 =    1.4142135623730951     
 mdl_MH__exp__2 =    15625.000000000000     
 mdl_aEW =    7.5467711139788835E-003
 mdl_MW =    80.419002445756163     
 mdl_sqrt__aEW =    8.6872153846781555E-002
 mdl_ee =   0.30795376724436879     
 mdl_MW__exp__2 =    6467.2159543705357     
 mdl_sw2 =   0.22224648578577766     
 mdl_cw =   0.88190334743339216     
 mdl_sqrt__sw2 =   0.47143025548407230     
 mdl_sw =   0.47143025548407230     
 mdl_g1 =   0.34919219678733299     
 mdl_gw =   0.65323293034757990     
 mdl_vev =    246.21845810181637     
 mdl_vev__exp__2 =    60623.529110035903     
 mdl_lam =   0.12886910601690263     
 mdl_yb =    2.6995554250465490E-002
 mdl_yt =   0.99366614581500623     
 mdl_ytau =    1.0206617000654717E-002
 mdl_muH =    88.388347648318430     
 mdl_I1x33 =  (  2.6995554250465490E-002,  0.0000000000000000     )
 mdl_I2x33 =  ( 0.99366614581500623     ,  0.0000000000000000     )
 mdl_I3x33 =  ( 0.99366614581500623     ,  0.0000000000000000     )
 mdl_I4x33 =  (  2.6995554250465490E-002,  0.0000000000000000     )
 mdl_ee__exp__2 =    9.4835522759998875E-002
 mdl_sw__exp__2 =   0.22224648578577769     
 mdl_cw__exp__2 =   0.77775351421422245     
  Internal Params evaluated point by point
  ----------------------------------------
  
 mdl_sqrt__aS =   0.34351128074635334     
 mdl_G__exp__2 =    1.4828317324943823     
  Couplings of sm
  ---------------------------------
  
        GC_10 =  -0.12177E+01   0.00000E+00
        GC_11 =   0.00000E+00   0.12177E+01
         GC_1 =  -0.00000E+00  -0.10265E+00
         GC_2 =   0.00000E+00   0.20530E+00
         GC_4 =   0.00000E+00   0.30795E+00
        GC_50 =  -0.00000E+00  -0.28804E+00
        GC_51 =   0.00000E+00   0.28804E+00
        GC_53 =   0.00000E+00   0.57609E+00
        GC_58 =  -0.00000E+00  -0.27437E-01
       GC_100 =   0.00000E+00   0.46191E+00

 Collider parameters:
 --------------------

 Running at P P   machine @    13000.000000000000       GeV
 PDF set = nn23lo1
 alpha_s(Mz)= 0.1300 running at 2 loops.
 alpha_s(Mz)= 0.1300 running at 2 loops.
 Renormalization scale set on event-by-event basis
 Factorization   scale set on event-by-event basis


 getting user params
Enter number of events and max and min iterations: 
 Number of events and iterations         1000           5           3
Enter desired fractional accuracy: 
 Desired fractional accuracy:   0.10000000000000001     
Enter 0 for fixed, 2 for adjustable grid: 
Suppress amplitude (0 no, 1 yes)? 
 Using suppressed amplitude.
Exact helicity sum (0 yes, n = number/event)? 
 Explicitly summing over helicities
Enter Configuration Number: 
Running Configuration Number:    3
 Not subdividing B.W.
 Attempting mappinvarients           1           4
 Completed mapping           4
 about to integrate            4        1000           5           3           4           1
 Using non-zero grid deformation.
  4 dimensions   1000 events  4 invarients  5 iterations  1 config(s),  (0.99)
 Using h-tuple random number sequence.
 Error opening grid
 Using Uniform Grid!          16
 Using uniform alpha   1.0000000000000000     
 Grid defined OK
 Set CM energy to      13000.00
 Mapping Graph           3  to config           3
Setting grid   1    0.38268E-04   1
 Transforming s_hat 1/s            3   1.5307020010344466E-004   0.0000000000000000        168999999.99999997     
   3   1   2   3   4
 Masses: 0.000E+00 0.000E+00 0.804E+02 0.804E+02
Using random seed offsets     3 :      2
  with seed                   42
 Ranmar initialization seeds       22922        9418
 
 ********************************************
 * You are using the DiscreteSampler module *
 *      part of the MG5_aMC framework       *
 *         Author: Valentin Hirschi         *
 ********************************************
 
  Particle       3       4
      Et >     0.0     0.0
       E >     0.0     0.0
     Eta <    -1.0    -1.0
   xqcut:      0.0     0.0
d R # 3  >    -0.0     0.0
s min # 3>     0.0     0.0
xqcutij # 3>     0.0     0.0
 alpha_s for scale    86.840038547873490       is   0.13106895610756919     
 Added good helicity            2  0.12138510661838474       in event            1 local:           1
 Added good helicity            3   8.6743535190010775E-003  in event            1 local:           1
 Added good helicity            4  0.12138510661838474       in event            1 local:           1
 Added good helicity            5  0.11394721324049949       in event            1 local:           1
 Added good helicity            6   4.2693433443399004E-003  in event            1 local:           1
 Added good helicity            7   8.6743535190010775E-003  in event            1 local:           1
 Added good helicity            8   4.2693433443398952E-003  in event            1 local:           1
 Added good helicity           28  0.43331447461496114       in event            1 local:           1
 Added good helicity           29   2.0625468733388623       in event            1 local:           1
 Added good helicity           30   1.5699455078322035       in event            1 local:           1
 Added good helicity           31   2.0625468733388623       in event            1 local:           1
 Added good helicity           32   9.7059613797512210       in event            1 local:           1
 Added good helicity           33   2.9466125229088820       in event            1 local:           1
 Added good helicity           34   1.5699455078322035       in event            1 local:           1
 Added good helicity           35   2.9466125229088789       in event            1 local:           1
 Added good helicity           36   12.319909517269972       in event            1 local:           1
 Added good helicity            2  0.12138510661838474       in event            1 local:           1
 Added good helicity            3   8.6743535190010775E-003  in event            1 local:           1
 Added good helicity            4  0.12138510661838474       in event            1 local:           1
 Added good helicity            5  0.11394721324049949       in event            1 local:           1
 Added good helicity            6   4.2693433443399004E-003  in event            1 local:           1
 Added good helicity            7   8.6743535190010775E-003  in event            1 local:           1
 Added good helicity            8   4.2693433443398952E-003  in event            1 local:           1
 Added good helicity           28  0.43331447461496114       in event            1 local:           1
 Added good helicity           29   2.0625468733388623       in event            1 local:           1
 Added good helicity           30   1.5699455078322035       in event            1 local:           1
 Added good helicity           31   2.0625468733388623       in event            1 local:           1
 Added good helicity           32   9.7059613797512210       in event            1 local:           1
 Added good helicity           33   2.9466125229088820       in event            1 local:           1
 Added good helicity           34   1.5699455078322035       in event            1 local:           1
 Added good helicity           35   2.9466125229088789       in event            1 local:           1
 Added good helicity           36   12.319909517269972       in event            1 local:           1
 RESET CUMULATIVE VARIABLE
 RESET CUMULATIVE VARIABLE
 RESET CUMULATIVE VARIABLE
 Iteration  1   Mean: 0.5015E+02 Abs mean: 0.5015E+02   Fluctuation:  0.311E+01   0.142E+04   100.0%
  1    0.5015E+02 0.5015E+02 +- 0.3111E+01      1.96
 Writing out events   1.0030701633834646E-002   1.9614887795311426     
 Relative summed weights:
  0.3611E+00  0.2740E+00  0.0000E+00  0.0000E+00
  0.0000E+00  0.0000E+00  0.1392E+00  0.2256E+00
 Relative number of events:
  0.2708E+00  0.2935E+00  0.0000E+00  0.0000E+00
  0.0000E+00  0.0000E+00  0.2134E+00  0.2223E+00
 Events:
         274         297           0           0
           0           0         216         225
 Iteration  2   Mean: 0.5030E+02 Abs mean: 0.5030E+02   Fluctuation:  0.927E+00   0.345E+03   100.0%
  2    0.5030E+02 0.5030E+02 +- 0.9272E+00      0.82
 Relative summed weights:
  0.2987E+00  0.3010E+00  0.0000E+00  0.0000E+00
  0.0000E+00  0.0000E+00  0.2052E+00  0.1950E+00
 Relative number of events:
  0.3025E+00  0.2940E+00  0.0000E+00  0.0000E+00
  0.0000E+00  0.0000E+00  0.2035E+00  0.2000E+00
 Events:
         605         588           0           0
           0           0         407         400
 Iteration  3   Mean: 0.4823E+02 Abs mean: 0.4823E+02   Fluctuation:  0.401E+00   0.189E+03   100.0%
  3    0.4823E+02 0.4823E+02 +- 0.4009E+00      0.53
 Relative summed weights:
  0.2803E+00  0.3059E+00  0.0000E+00  0.0000E+00
  0.0000E+00  0.0000E+00  0.2088E+00  0.2050E+00
 Relative number of events:
  0.2775E+00  0.2968E+00  0.0000E+00  0.0000E+00
  0.0000E+00  0.0000E+00  0.2160E+00  0.2097E+00
 Events:
        1110        1187           0           0
           0           0         864         839
 Accuracy:    0.012   0.100   0.008   2.369
 Finished due to accuracy    1.1577232267246985E-002  0.10000000000000001     

 -------------------------------------------------------------------------------
 Accumulated results:   Integral =  0.4860E+02
                        Std dev  =  0.3656E+00
                       Cross sec =  0.4860E+02
             Chi**2 per DoF.     =      2.3689
 -------------------------------------------------------------------------------
 Found          378  events.
 Wrote          375  events.
 Actual xsec    48.600007742856747     
 Correct abs xsec    48.600007742856747     
 Event xsec    48.600007742856491     
 Events wgts > 1:            0
 % Cross section > 1:    0.0000000000000000        0.0000000000000000     
-------------------------------------------------
---------------------------
 Results Last   3 iters: Integral =   0.4860E+02
                     Abs integral =   0.4860E+02
                          Std dev =   0.3656E+00
                  Chi**2 per DoF. =      2.2472
-------------------------------------------------
---------------------------
 Status  0.10000000000000001                4           5

ls status:
events.lhe
ftn26
input_app.txt
multijob.dat
results.dat
run_01_log.txt
run_02_log.txt
run1_app.log
