 Process in group number            1
 A PDF is used, so alpha_s(MZ) is going to be modified
 Old value of alpha_s from param_card:   0.11799999999999999     
  ****************************************
 
       NNPDFDriver version 1.0.3
   Grid: NNPDF23_lo_as_0130_qed_mem0.grid
  ****************************************
 New value of alpha_s from PDF nn23lo1:  0.13000000000000000     
 Define smin to   0.0000000000000000     
 Define smin to   0.0000000000000000     
 *****************************************************
 *               MadGraph/MadEvent                   *
 *        --------------------------------           *
 *          http://madgraph.hep.uiuc.edu             *
 *          http://madgraph.phys.ucl.ac.be           *
 *          http://madgraph.roma2.infn.it            *
 *        --------------------------------           *
 *                                                   *
 *          PARAMETER AND COUPLING VALUES            *
 *                                                   *
 *****************************************************

  External Params
  ---------------------------------
  
 mdl_MB =    4.7000000000000002     
 mdl_MT =    173.00000000000000     
 mdl_MTA =    1.7769999999999999     
 mdl_MZ =    91.188000000000002     
 mdl_MH =    125.00000000000000     
 aEWM1 =    132.50700000000001     
 mdl_Gf =    1.1663900000000000E-005
 aS =   0.11799999999999999     
 mdl_ymb =    4.7000000000000002     
 mdl_ymt =    173.00000000000000     
 mdl_ymtau =    1.7769999999999999     
 mdl_WT =    1.4915000000000000     
 mdl_WZ =    2.4414039999999999     
 mdl_WW =    2.0476000000000001     
 mdl_WH =    6.3823389999999999E-003
  Internal Params
  ---------------------------------
  
 mdl_conjg__CKM3x3 =    1.0000000000000000     
 mdl_CKM3x3 =    1.0000000000000000     
 mdl_conjg__CKM1x1 =    1.0000000000000000     
 mdl_complexi =  (  0.0000000000000000     ,  1.0000000000000000     )
 mdl_MZ__exp__2 =    8315.2513440000002     
 mdl_MZ__exp__4 =    69143404.913893804     
 mdl_sqrt__2 =    1.4142135623730951     
 mdl_MH__exp__2 =    15625.000000000000     
 mdl_aEW =    7.5467711139788835E-003
 mdl_MW =    80.419002445756163     
 mdl_sqrt__aEW =    8.6872153846781555E-002
 mdl_ee =   0.30795376724436879     
 mdl_MW__exp__2 =    6467.2159543705357     
 mdl_sw2 =   0.22224648578577766     
 mdl_cw =   0.88190334743339216     
 mdl_sqrt__sw2 =   0.47143025548407230     
 mdl_sw =   0.47143025548407230     
 mdl_g1 =   0.34919219678733299     
 mdl_gw =   0.65323293034757990     
 mdl_vev =    246.21845810181637     
 mdl_vev__exp__2 =    60623.529110035903     
 mdl_lam =   0.12886910601690263     
 mdl_yb =    2.6995554250465490E-002
 mdl_yt =   0.99366614581500623     
 mdl_ytau =    1.0206617000654717E-002
 mdl_muH =    88.388347648318430     
 mdl_I1x33 =  (  2.6995554250465490E-002,  0.0000000000000000     )
 mdl_I2x33 =  ( 0.99366614581500623     ,  0.0000000000000000     )
 mdl_I3x33 =  ( 0.99366614581500623     ,  0.0000000000000000     )
 mdl_I4x33 =  (  2.6995554250465490E-002,  0.0000000000000000     )
 mdl_ee__exp__2 =    9.4835522759998875E-002
 mdl_sw__exp__2 =   0.22224648578577769     
 mdl_cw__exp__2 =   0.77775351421422245     
  Internal Params evaluated point by point
  ----------------------------------------
  
 mdl_sqrt__aS =   0.34351128074635334     
 mdl_G__exp__2 =    1.4828317324943823     
  Couplings of sm
  ---------------------------------
  
         GC_1 =  -0.00000E+00  -0.10265E+00
         GC_2 =   0.00000E+00   0.20530E+00
         GC_4 =   0.00000E+00   0.30795E+00
        GC_50 =  -0.00000E+00  -0.28804E+00
        GC_51 =   0.00000E+00   0.28804E+00
        GC_53 =   0.00000E+00   0.57609E+00
        GC_58 =  -0.00000E+00  -0.27437E-01
       GC_100 =   0.00000E+00   0.46191E+00

 Collider parameters:
 --------------------

 Running at P P   machine @    13000.000000000000       GeV
 PDF set = nn23lo1
 alpha_s(Mz)= 0.1300 running at 2 loops.
 alpha_s(Mz)= 0.1300 running at 2 loops.
 Renormalization scale set on event-by-event basis
 Factorization   scale set on event-by-event basis


 getting user params
Enter number of events and max and min iterations: 
 Number of events and iterations         1000           5           3
Enter desired fractional accuracy: 
 Desired fractional accuracy:   0.10000000000000001     
Enter 0 for fixed, 2 for adjustable grid: 
Suppress amplitude (0 no, 1 yes)? 
 Using suppressed amplitude.
Exact helicity sum (0 yes, n = number/event)? 
 Explicitly summing over helicities
Enter Configuration Number: 
Running Configuration Number:    1
 Not subdividing B.W.
 Attempting mappinvarients           1           4
 Completed mapping           4
 about to integrate            4        1000           5           3           4           1
 Using non-zero grid deformation.
  4 dimensions   1000 events  4 invarients  5 iterations  1 config(s),  (0.99)
 Using h-tuple random number sequence.
 Error opening grid
 Using Uniform Grid!          16
 Using uniform alpha   1.0000000000000000     
 Grid defined OK
 Set CM energy to      13000.00
 Mapping Graph           1  to config           1
Setting grid   1    0.15307E-03   1
 Transforming s_hat 1/s            3   1.5307020010344466E-004   0.0000000000000000        168999999.99999997     
   1   1   2   3   4
 Masses: 0.000E+00 0.000E+00 0.804E+02 0.804E+02
 Got moffset           1
Using random seed offsets     1 :      1
  with seed                   42
 Ranmar initialization seeds       22920       12574
 
 ********************************************
 * You are using the DiscreteSampler module *
 *      part of the MG5_aMC framework       *
 *         Author: Valentin Hirschi         *
 ********************************************
 
  Particle       3       4
      Et >     0.0     0.0
       E >     0.0     0.0
     Eta <    -1.0    -1.0
   xqcut:      0.0     0.0
d R # 3  >    -0.0     0.0
s min # 3>     0.0     0.0
xqcutij # 3>     0.0     0.0
 alpha_s for scale    86.195948155588212       is   0.13123342815986438     
 Added good helicity            3   8.2367678125157228E-008  in event            1 local:           1
 Added good helicity            5   3.2976251236222538E-005  in event            1 local:           1
 Added good helicity            6   3.5472972640393909E-004  in event            1 local:           1
 Added good helicity            7   8.2367678125157228E-008  in event            1 local:           1
 Added good helicity            8   3.5472972640393909E-004  in event            1 local:           1
 Added good helicity           28   35.474774467576175       in event            1 local:           1
 Added good helicity           29  0.17769372217199864       in event            1 local:           1
 Added good helicity           30   2.6824072288833340E-002  in event            1 local:           1
 Added good helicity           31  0.17769372217199864       in event            1 local:           1
 Added good helicity           32   9.7450727703723275E-002  in event            1 local:           1
 Added good helicity           33   8.6527435040962344E-003  in event            1 local:           1
 Added good helicity           34   2.6824072288833337E-002  in event            1 local:           1
 Added good helicity           35   8.6527435040962310E-003  in event            1 local:           1
 Added good helicity           36   6.9111452926253804E-004  in event            1 local:           1
 Added good helicity            3   8.2367678125157228E-008  in event            1 local:           1
 Added good helicity            5   3.2976251236222538E-005  in event            1 local:           1
 Added good helicity            6   3.5472972640393909E-004  in event            1 local:           1
 Added good helicity            7   8.2367678125157228E-008  in event            1 local:           1
 Added good helicity            8   3.5472972640393909E-004  in event            1 local:           1
 Added good helicity           28   35.474774467576175       in event            1 local:           1
 Added good helicity           29  0.17769372217199864       in event            1 local:           1
 Added good helicity           30   2.6824072288833340E-002  in event            1 local:           1
 Added good helicity           31  0.17769372217199864       in event            1 local:           1
 Added good helicity           32   9.7450727703723275E-002  in event            1 local:           1
 Added good helicity           33   8.6527435040962344E-003  in event            1 local:           1
 Added good helicity           34   2.6824072288833337E-002  in event            1 local:           1
 Added good helicity           35   8.6527435040962310E-003  in event            1 local:           1
 Added good helicity           36   6.9111452926253804E-004  in event            1 local:           1
 Added good helicity            2   9.9754703888734792E-006  in event            2 local:           1
 Added good helicity            4   9.9754703888734792E-006  in event            2 local:           1
 Added good helicity            2   9.9754703888734792E-006  in event            2 local:           1
 Added good helicity            4   9.9754703888734792E-006  in event            2 local:           1
 RESET CUMULATIVE VARIABLE
 RESET CUMULATIVE VARIABLE
 RESET CUMULATIVE VARIABLE
 Iteration  1   Mean: 0.1710E+01 Abs mean: 0.1710E+01   Fluctuation:  0.137E+00   0.824E+02   100.0%
  1    0.1710E+01 0.1710E+01 +- 0.1366E+00      2.53
 Writing out events   3.4203126472024807E-004   2.5257807754374473     
 Relative summed weights:
  0.5001E+00  0.4135E+00  0.3930E-01  0.4711E-01
 Relative number of events:
  0.5183E+00  0.4768E+00  0.1974E-02  0.2962E-02
 Events:
         525         483           2           3
 Iteration  2   Mean: 0.1648E+01 Abs mean: 0.1648E+01   Fluctuation:  0.562E-01   0.657E+02   100.0%
  2    0.1648E+01 0.1648E+01 +- 0.5621E-01      1.53
 Relative summed weights:
  0.4532E+00  0.4969E+00  0.1580E-02  0.4836E-01
 Relative number of events:
  0.4842E+00  0.5078E+00  0.3502E-02  0.4502E-02
 Events:
         968        1015           7           9
 Iteration  3   Mean: 0.2665E+01 Abs mean: 0.2665E+01   Fluctuation:  0.716E+00   0.266E+04   100.0%
  3    0.2665E+01 0.2665E+01 +- 0.7158E+00     16.99
 Relative summed weights:
  0.2968E+00  0.3026E+00  0.3667E+00  0.3394E-01
 Relative number of events:
  0.5000E+00  0.4928E+00  0.4000E-02  0.3250E-02
 Events:
        2000        1971          16          13
 Accuracy:    0.050   0.100   0.031   2.577
 Finished due to accuracy    5.0025540853022542E-002  0.10000000000000001     

 -------------------------------------------------------------------------------
 Accumulated results:   Integral =  0.1671E+01
                        Std dev  =  0.5207E-01
                       Cross sec =  0.1671E+01
             Chi**2 per DoF.     =      2.5772
 -------------------------------------------------------------------------------
 Found          401  events.
 Wrote            5  events.
 Actual xsec    1.6709013382831150     
 Correct abs xsec    1.6709013383899836     
 Event xsec    1.6709013383899838     
 Events wgts > 1:            0
 % Cross section > 1:    0.0000000000000000        0.0000000000000000     
-------------------------------------------------
---------------------------
 Results Last   3 iters: Integral =   0.1671E+01
                     Abs integral =   0.1671E+01
                          Std dev =   0.5207E-01
                  Chi**2 per DoF. =      1.0902
-------------------------------------------------
---------------------------
 Status  0.10000000000000001                4           5

ls status:
events.lhe
ftn26
input_app.txt
input_sg.txt
moffset.dat
results.dat
run_01_log.txt
run1_app.log
