 Process in group number            4
 A PDF is used, so alpha_s(MZ) is going to be modified
 Old value of alpha_s from param_card:   0.11839999999999999     
  ****************************************
 
       NNPDFDriver version 1.0.3
   Grid: NNPDF23_lo_as_0130_qed_mem0.grid
  ****************************************
 New value of alpha_s from PDF nn23lo1:  0.13000000000000000     
 Define smin to   0.0000000000000000     
 *****************************************************
 *               MadGraph/MadEvent                   *
 *        --------------------------------           *
 *          http://madgraph.hep.uiuc.edu             *
 *          http://madgraph.phys.ucl.ac.be           *
 *          http://madgraph.roma2.infn.it            *
 *        --------------------------------           *
 *                                                   *
 *          PARAMETER AND COUPLING VALUES            *
 *                                                   *
 *****************************************************

  External Params
  ---------------------------------
  
 mdl_cabi =   0.22773599999999999     
 mdl_F =    1000.0000000000000     
 mdl_R =    1.0000000000000000     
 mdl_k =    2.0000000000000000     
 mdl_kl =    2.0000000000000000     
 mdl_MD =    5.0400000000000002E-003
 mdl_MU =    2.5500000000000002E-003
 mdl_MS =   0.10100000000000001     
 mdl_MC =    1.2700000000000000     
 mdl_MB =    4.7000000000000002     
 mdl_MT =    173.00000000000000     
 mdl_Me =    5.1099999999999995E-004
 mdl_MM =   0.10566000000000000     
 mdl_MTA =    1.7769999999999999     
 mdl_MZ =    91.187600000000003     
 mdl_MW =    80.385000000000005     
 mdl_MH =    125.18000000000001     
 mdl_MHd =    2828.4270000000001     
 mdl_MHu =    2807.0309999999999     
 mdl_MHs =    2828.4270000000001     
 mdl_MHc =    2807.0309999999999     
 mdl_MHb =    2828.4270000000001     
 mdl_MHt =    2807.0309999999999     
 mdl_MHTodd =    994.54859999999996     
 mdl_MHTeven =    1406.5039999999999     
 mdl_MHe =    2828.4270000000001     
 mdl_MHve =    2828.4270000000001     
 mdl_MHmu =    2828.4270000000001     
 mdl_MHvm =    2828.4270000000001     
 mdl_MHta =    2828.4270000000001     
 mdl_MHvt =    2828.4270000000001     
 mdl_MAH =    152.94329999999999     
 mdl_MZH =    658.64269999999999     
 mdl_MWH =    658.64269999999999     
 mdl_MPhi0 =    716.02829999999994     
 mdl_MPhiP =    716.02829999999994     
 mdl_MPhiC =    716.02829999999994     
 mdl_MPhiCC =    716.02829999999994     
 aEWM1 =    127.90000000000001     
 mdl_Gf =    1.1663700000000000E-005
 mdl_sw2 =   0.23116000000000000     
 aS =   0.11839999999999999     
 mdl_ymdo =    5.0400000000000002E-003
 mdl_ymup =    2.5500000000000002E-003
 mdl_yms =   0.10100000000000001     
 mdl_ymc =    1.2700000000000000     
 mdl_ymb =    4.7000000000000002     
 mdl_ymt =    173.00000000000000     
 mdl_yme =    5.1099999999999995E-004
 mdl_ymm =   0.10566000000000000     
 mdl_ymtau =    1.7769999999999999     
 mdl_WT =    1.5083359999999999     
 mdl_WZ =    2.4952000000000001     
 mdl_WW =    2.0850000000000000     
 mdl_WH =    5.7530880000000000E-003
 mdl_WHd =    5.0000000000000000     
 mdl_WHu =    5.0000000000000000     
 mdl_WHs =    5.0000000000000000     
 mdl_WHc =    5.0000000000000000     
 mdl_WHb =    5.0000000000000000     
 mdl_WHt =    5.0000000000000000     
 mdl_WHTodd =    5.0000000000000000     
 mdl_WHTeven =    5.0000000000000000     
 mdl_WHe =    5.0000000000000000     
 mdl_WHve =    5.0000000000000000     
 mdl_WHmu =    5.0000000000000000     
 mdl_WHvm =    5.0000000000000000     
 mdl_WHta =    5.0000000000000000     
 mdl_WHvt =    5.0000000000000000     
 mdl_WZH =    5.0000000000000000     
 mdl_WWH =    5.0000000000000000     
 mdl_WPhi0 =    5.0000000000000000     
 mdl_WPhiP =    5.0000000000000000     
 mdl_WPhiC =    5.0000000000000000     
 mdl_WPhiCC =    5.0000000000000000     
  Internal Params
  ---------------------------------
  
 mdl_cw =   0.87683521827079913     
 mdl_sqrt__sw2 =   0.48079101489108550     
 mdl_sw =   0.48079101489108550     
 mdl_cos__cabi =   0.97418004031982097     
 mdl_CKM1x1 =  ( 0.97418004031982097     ,  0.0000000000000000     )
 mdl_sin__cabi =   0.22577256042856930     
 mdl_CKM1x2 =  ( 0.22577256042856930     ,  0.0000000000000000     )
 mdl_CKM1x3 =  (  0.0000000000000000     ,  0.0000000000000000     )
 mdl_CKM2x1 =  (-0.22577256042856930     ,  0.0000000000000000     )
 mdl_CKM2x2 =  ( 0.97418004031982097     ,  0.0000000000000000     )
 mdl_CKM2x3 =  (  0.0000000000000000     ,  0.0000000000000000     )
 mdl_CKM3x1 =  (  0.0000000000000000     ,  0.0000000000000000     )
 mdl_CKM3x2 =  (  0.0000000000000000     ,  0.0000000000000000     )
 mdl_CKM3x3 =  (  1.0000000000000000     ,  0.0000000000000000     )
 mdl_R__exp__2 =    1.0000000000000000     
 mdl_F__exp__2 =    1000000.0000000000     
 mdl_lam2 =   0.98891933563976298     
 mdl_xL =   0.50000000000000000     
 mdl_xL__exp__2 =   0.25000000000000000     
 mdl_d2 =  -0.20833330000000005     
 mdl_lam2__exp__2 =   0.97796145240219012     
 mdl_lamphi2phi2 =   -15.647383238435042     
 mdl_sqrt__2 =    1.4142135623730951     
 mdl_MH__exp__2 =    15670.032400000002     
 mdl_complexi =  (  0.0000000000000000     ,  1.0000000000000000     )
 mdl_cw__exp__2 =   0.76883999999999997     
 mdl_R__exp__3 =    1.0000000000000000     
 mdl_sw__exp__2 =   0.23116000000000000     
 mdl_sw__exp__4 =    5.3434945599999999E-002
 mdl_sqrt__xL =   0.70710678118654757     
 mdl_F__exp__3 =    1000000000.0000000     
 mdl_xL__exp__1_5 =   0.35355339059327379     
 mdl_xL__exp__2_5 =   0.17677669529663689     
 mdl_xL__exp__3 =   0.12500000000000000     
 mdl_conjg__CKM1x1 =  ( 0.97418004031982097     , -0.0000000000000000     )
 mdl_conjg__CKM1x2 =  ( 0.22577256042856930     , -0.0000000000000000     )
 mdl_conjg__CKM1x3 =  (  0.0000000000000000     , -0.0000000000000000     )
 mdl_conjg__CKM2x1 =  (-0.22577256042856930     , -0.0000000000000000     )
 mdl_conjg__CKM2x2 =  ( 0.97418004031982097     , -0.0000000000000000     )
 mdl_conjg__CKM2x3 =  (  0.0000000000000000     , -0.0000000000000000     )
 mdl_conjg__CKM3x1 =  (  0.0000000000000000     , -0.0000000000000000     )
 mdl_conjg__CKM3x2 =  (  0.0000000000000000     , -0.0000000000000000     )
 mdl_conjg__CKM3x3 =  (  1.0000000000000000     , -0.0000000000000000     )
 mdl_aEW =    7.8186082877247844E-003
 mdl_sqrt__aEW =    8.8422894590285753E-002
 mdl_ee =   0.31345100004952897     
 mdl_g1 =   0.35747993866816113     
 mdl_gw =   0.65194853968004296     
 mdl_vSM =    246.59921790591198     
 mdl_g1__exp__2 =   0.12779190655019224     
 mdl_gw__exp__2 =   0.42503689839094055     
 mdl_xH =   0.14585172544611463     
 mdl_g1I =   0.50555297754081574     
 mdl_gwI =   0.92199446678485075     
 mdl_lamphi4 =    3.7415842663019934     
 mdl_vSM__exp__2 =    60811.174271807460     
 mdl_v =    247.86629815203761     
 mdl_sH =    8.8694146939474923E-003
 mdl_v__exp__2 =    61437.701759594805     
 mdl_lam =   0.12752782046858380     
 mdl_lamphi2 =   0.51011128187433519     
 mdl_yb =    2.6816085093894024E-002
 mdl_yc =    7.2460485253713633E-003
 mdl_ydo =    2.8755972100686356E-005
 mdl_ye =    2.9155360602084775E-006
 mdl_ym =    6.0284841511081759E-004
 mdl_ys =    5.7626055201772265E-004
 mdl_yt =   0.98706015345609910     
 mdl_ytau =    1.0138762385499931E-002
 mdl_yup =    1.4549152550942502E-005
 mdl_sH__exp__2 =    7.8666517013211684E-005
 mdl_cH =   0.99996066596791033     
 mdl_muH =    88.515626868932031     
 mdl_lamhphiphih =  -0.68014837583244692     
 mdl_ee__exp__2 =    9.8251529432049817E-002
 mdl_gwI__exp__2 =   0.85007379678188122     
 mdl_cH__exp__2 =   0.99992133348298673     
  Internal Params evaluated point by point
  ----------------------------------------
  
 mdl_sqrt__aS =   0.34409301068170506     
 mdl_G__exp__2 =    1.4878582807401259     
 mdl_G__exp__3 =    1.8148567439626970     
 mdl_G__exp__4 =    2.2137222635669636     
  Couplings of LHTkl
  ---------------------------------
  
       GC_141 =  -0.00000E+00  -0.31675E+02
       GC_147 =  -0.00000E+00  -0.28884E+02
       GC_196 =   0.00000E+00   0.32566E+00
       GC_197 =  -0.00000E+00  -0.31787E+00
       GC_198 =  -0.00000E+00  -0.73668E-01
       GC_200 =  -0.00000E+00   0.73668E-01
       GC_201 =  -0.00000E+00  -0.31787E+00
       GC_203 =  -0.00000E+00  -0.00000E+00
       GC_204 =  -0.00000E+00  -0.00000E+00
       GC_206 =  -0.00000E+00  -0.38639E-01
       GC_208 =   0.00000E+00  -0.32008E-01
       GC_209 =   0.00000E+00  -0.74182E-02
       GC_211 =   0.00000E+00   0.74182E-02
       GC_212 =   0.00000E+00  -0.32008E-01
       GC_214 =   0.00000E+00   0.00000E+00
       GC_215 =   0.00000E+00   0.00000E+00
       GC_235 =  -0.00000E+00  -0.51237E-02
       GC_236 =  -0.00000E+00  -0.20334E-04
       GC_239 =  -0.00000E+00  -0.40748E-03
       GC_242 =  -0.00000E+00  -0.10288E-04
       GC_245 =  -0.00000E+00  -0.31787E+00
       GC_246 =   0.00000E+00  -0.32008E-01
       GC_249 =  -0.00000E+00  -0.73668E-01
       GC_250 =   0.00000E+00  -0.74182E-02
       GC_257 =  -0.00000E+00   0.73668E-01
       GC_258 =   0.00000E+00   0.74182E-02
       GC_261 =  -0.00000E+00  -0.31787E+00
       GC_262 =   0.00000E+00  -0.32008E-01
       GC_269 =  -0.00000E+00  -0.00000E+00
       GC_270 =   0.00000E+00   0.00000E+00
       GC_273 =  -0.00000E+00  -0.00000E+00
       GC_274 =   0.00000E+00   0.00000E+00

 Collider parameters:
 --------------------

 Running at P P   machine @    13000.000000000000       GeV
 PDF set = nn23lo1
 alpha_s(Mz)= 0.1300 running at 2 loops.
 alpha_s(Mz)= 0.1300 running at 2 loops.
 Renormalization scale set on event-by-event basis
 Factorization   scale set on event-by-event basis


 getting user params
Enter number of events and max and min iterations: 
 Number of events and iterations         1000           5           3
Enter desired fractional accuracy: 
 Desired fractional accuracy:   0.10000000000000001     
Enter 0 for fixed, 2 for adjustable grid: 
Suppress amplitude (0 no, 1 yes)? 
 Using suppressed amplitude.
Exact helicity sum (0 yes, n = number/event)? 
 Explicitly summing over helicities
Enter Configuration Number: 
Running Configuration Number:    3
 Not subdividing B.W.
 Attempting mappinvarients           1           4
 Completed mapping           4
 about to integrate            4        1000           5           3           4           1
 Using non-zero grid deformation.
  4 dimensions   1000 events  4 invarients  5 iterations  1 config(s),  (0.99)
 Using h-tuple random number sequence.
 Error opening grid
 Using Uniform Grid!          16
 Using uniform alpha   1.0000000000000000     
 Grid defined OK
 Set CM energy to      13000.00
 Mapping Graph           3  to config           3
Setting grid   1    0.13841E-03   1
 Transforming s_hat 1/s            3   5.5364859206840245E-004   0.0000000000000000        168999999.99999997     
   3   1   2   3   4
 Masses: 0.504E-02 0.504E-02 0.153E+03 0.153E+03
 Got moffset           1
Using random seed offsets     3 :      1
  with seed                   42
 Ranmar initialization seeds       22922       12574
 
 ********************************************
 * You are using the DiscreteSampler module *
 *      part of the MG5_aMC framework       *
 *         Author: Valentin Hirschi         *
 ********************************************
 
  Particle       3       4
      Et >     0.0     0.0
       E >     0.0     0.0
     Eta <    -1.0    -1.0
   xqcut:      0.0     0.0
d R # 3  >    -0.0     0.0
s min # 3>     0.0     0.0
xqcutij # 3>     0.0     0.0
 alpha_s for scale    165.68651771274344       is   0.11824222334804362     
 Added good helicity           10  0.17138593831974303       in event            1 local:           1
 Added good helicity           14  0.34988679826493468       in event            1 local:           1
 Added good helicity           18  0.17135630900982410       in event            1 local:           1
 Added good helicity           19  0.17135630900982410       in event            1 local:           1
 Added good helicity           23  0.34988679826493468       in event            1 local:           1
 Added good helicity           27  0.17138593831974303       in event            1 local:           1
 Added good helicity           28   1.2506992505788774       in event            1 local:           1
 Added good helicity           29   2.3616663101042629E-002  in event            1 local:           1
 Added good helicity           30   13.586295150132830       in event            1 local:           1
 Added good helicity           31   4.5085683947300348       in event            1 local:           1
 Added good helicity           32   7.3704036289295090       in event            1 local:           1
 Added good helicity           33   2.3616663101042587E-002  in event            1 local:           1
 Added good helicity           34   2.0922745012362389       in event            1 local:           1
 Added good helicity           35   4.5085683947300312       in event            1 local:           1
 Added good helicity           36   1.2506992505788774       in event            1 local:           1
 Added good helicity           10  0.17138593831974303       in event            1 local:           1
 Added good helicity           14  0.34988679826493468       in event            1 local:           1
 Added good helicity           18  0.17135630900982410       in event            1 local:           1
 Added good helicity           19  0.17135630900982410       in event            1 local:           1
 Added good helicity           23  0.34988679826493468       in event            1 local:           1
 Added good helicity           27  0.17138593831974303       in event            1 local:           1
 Added good helicity           28   1.2506992505788774       in event            1 local:           1
 Added good helicity           29   2.3616663101042629E-002  in event            1 local:           1
 Added good helicity           30   13.586295150132830       in event            1 local:           1
 Added good helicity           31   4.5085683947300348       in event            1 local:           1
 Added good helicity           32   7.3704036289295090       in event            1 local:           1
 Added good helicity           33   2.3616663101042587E-002  in event            1 local:           1
 Added good helicity           34   2.0922745012362389       in event            1 local:           1
 Added good helicity           35   4.5085683947300312       in event            1 local:           1
 Added good helicity           36   1.2506992505788774       in event            1 local:           1
 RESET CUMULATIVE VARIABLE
 RESET CUMULATIVE VARIABLE
 RESET CUMULATIVE VARIABLE
 Iteration  1   Mean: 0.1071E-06 Abs mean: 0.1071E-06   Fluctuation:  0.236E-07   0.152E-04   100.0%
  1    0.1071E-06 0.1071E-06 +- 0.2355E-07      6.95
 Writing out events   2.1428871797672749E-011   6.9518652905054044     
 Relative summed weights:
  0.3482E+00  0.2793E+00
  0.1915E+00  0.1810E+00
 Relative number of events:
  0.2485E+00  0.2515E+00
  0.2711E+00  0.2289E+00
 Events:
         253         256
         276         233
 Iteration  2   Mean: 0.3044E-06 Abs mean: 0.3044E-06   Fluctuation:  0.463E-07   0.539E-04   100.0%
  2    0.3044E-06 0.3044E-06 +- 0.4630E-07      6.80
 Relative summed weights:
  0.2589E+00  0.1786E+00
  0.3510E+00  0.2115E+00
 Relative number of events:
  0.2520E+00  0.2445E+00
  0.2570E+00  0.2465E+00
 Events:
         504         489
         514         493
 Iteration  3   Mean: 0.9000E-06 Abs mean: 0.9000E-06   Fluctuation:  0.285E-06   0.104E-02   100.0%
  3    0.9000E-06 0.9000E-06 +- 0.2851E-06     20.04
 Relative summed weights:
  0.2172E+00  0.1579E+00
  0.2308E+00  0.3941E+00
 Relative number of events:
  0.2455E+00  0.2650E+00
  0.2470E+00  0.2425E+00
 Events:
         982        1060
         988         970
 Accuracy:    0.517   0.100   0.116  19.774
 Found          375  events.
 Wrote            5  events.
 Actual xsec    3.2947716745632381E-007
 Correct abs xsec    3.2947716745632381E-007
 Event xsec    3.2947716745632381E-007
 Events wgts > 1:            0
 % Cross section > 1:    0.0000000000000000        0.0000000000000000     
 Iteration  4   Mean: 0.8953E-06 Abs mean: 0.8953E-06   Fluctuation:  0.901E-07   0.520E-03   100.0%
  4    0.8953E-06 0.8953E-06 +- 0.9012E-07      9.00
 Relative summed weights:
  0.3029E+00  0.2614E+00
  0.2283E+00  0.2075E+00
 Relative number of events:
  0.2466E+00  0.2472E+00
  0.2550E+00  0.2511E+00
 Events:
        1973        1978
        2040        2009
 Accuracy:    0.284   0.100   0.076  13.928
 Found          494  events.
 Wrote           10  events.
 Actual xsec    7.2744015741174419E-007
 Correct abs xsec    7.2744015741174419E-007
 Event xsec    7.2744015741174409E-007
 Events wgts > 1:            1
 % Cross section > 1:    4.2007450230642312E-015   5.7746949769869998E-007
 Iteration  5   Mean: 0.8920E-06 Abs mean: 0.8920E-06   Fluctuation:  0.223E-07   0.812E-04   100.0%
  5    0.8920E-06 0.8920E-06 +- 0.2232E-07      3.17
 Relative summed weights:
  0.2319E+00  0.2513E+00
  0.2550E+00  0.2617E+00
 Relative number of events:
  0.2427E+00  0.2496E+00
  0.2548E+00  0.2529E+00
 Events:
        3883        3994
        4077        4046
 Accuracy:    0.071   0.100   0.024   8.849
 Finished due to accuracy    7.0713011460494676E-002  0.10000000000000001     

 -------------------------------------------------------------------------------
 Accumulated results:   Integral =  0.8687E-06
                        Std dev  =  0.2065E-07
                       Cross sec =  0.8687E-06
             Chi**2 per DoF.     =      8.8495
 -------------------------------------------------------------------------------
 Found         1347  events.
 Wrote          344  events.
 Actual xsec    8.9226534546898921E-007
 Correct abs xsec    8.9226534546898921E-007
 Event xsec    8.9226534546898677E-007
 Events wgts > 1:            6
 % Cross section > 1:    8.2982976144470616E-009  0.93002576605565290     
-------------------------------------------------
---------------------------
 Results Last   3 iters: Integral =   0.8923E-06
                     Abs integral =   0.8923E-06
                          Std dev =   0.2160E-07
                  Chi**2 per DoF. =      0.0010
-------------------------------------------------
---------------------------
 Status  0.10000000000000001                6           5

ls status:
events.lhe
ftn26
input_app.txt
input_sg.txt
moffset.dat
results.dat
run_01_log.txt
run1_app.log
