 Process in group number            1
 A PDF is used, so alpha_s(MZ) is going to be modified
 Old value of alpha_s from param_card:   0.11839999999999999     
  ****************************************
 
       NNPDFDriver version 1.0.3
   Grid: NNPDF23_lo_as_0130_qed_mem0.grid
  ****************************************
 New value of alpha_s from PDF nn23lo1:  0.13000000000000000     
 Define smin to   0.0000000000000000     
 *****************************************************
 *               MadGraph/MadEvent                   *
 *        --------------------------------           *
 *          http://madgraph.hep.uiuc.edu             *
 *          http://madgraph.phys.ucl.ac.be           *
 *          http://madgraph.roma2.infn.it            *
 *        --------------------------------           *
 *                                                   *
 *          PARAMETER AND COUPLING VALUES            *
 *                                                   *
 *****************************************************

  External Params
  ---------------------------------
  
 mdl_cabi =   0.22773599999999999     
 mdl_F =    1000.0000000000000     
 mdl_R =    1.0000000000000000     
 mdl_k =    1.0000000000000000     
 mdl_kl =    1.0000000000000000     
 mdl_MD =    5.0400000000000002E-003
 mdl_MU =    2.5500000000000002E-003
 mdl_MS =   0.10100000000000001     
 mdl_MC =    1.2700000000000000     
 mdl_MB =    4.7000000000000002     
 mdl_MT =    172.00000000000000     
 mdl_Me =    5.1099999999999995E-004
 mdl_MM =   0.10566000000000000     
 mdl_MTA =    1.7769999999999999     
 mdl_MZ =    91.187600000000003     
 mdl_MW =    80.385000000000005     
 mdl_MH =    125.00000000000000     
 mdl_MHd =    1414.2139999999999     
 mdl_MHu =    1403.5160000000001     
 mdl_MHs =    1414.2139999999999     
 mdl_MHc =    1403.5160000000001     
 mdl_MHb =    1414.2139999999999     
 mdl_MHt =    1403.5160000000001     
 mdl_MHTodd =    991.67409999999995     
 mdl_MHTeven =    1402.4390000000001     
 mdl_MHe =    1414.2139999999999     
 mdl_MHve =    1414.2139999999999     
 mdl_MHmu =    1414.2139999999999     
 mdl_MHvm =    1414.2139999999999     
 mdl_MHta =    1414.2139999999999     
 mdl_MHvt =    1414.2139999999999     
 mdl_MAH =    152.94329999999999     
 mdl_MZH =    658.64269999999999     
 mdl_MWH =    658.64269999999999     
 mdl_MPhi0 =    718.43070000000000     
 mdl_MPhiP =    718.43070000000000     
 mdl_MPhiC =    718.43070000000000     
 mdl_MPhiCC =    718.43070000000000     
 aEWM1 =    127.90000000000001     
 mdl_Gf =    1.1663700000000000E-005
 mdl_sw2 =   0.23116000000000000     
 aS =   0.11839999999999999     
 mdl_ymdo =    5.0400000000000002E-003
 mdl_ymup =    2.5500000000000002E-003
 mdl_yms =   0.10100000000000001     
 mdl_ymc =    1.2700000000000000     
 mdl_ymb =    4.7000000000000002     
 mdl_ymt =    172.00000000000000     
 mdl_yme =    5.1099999999999995E-004
 mdl_ymm =   0.10566000000000000     
 mdl_ymtau =    1.7769999999999999     
 mdl_WT =    1.5083359999999999     
 mdl_WZ =    2.4952000000000001     
 mdl_WW =    2.0850000000000000     
 mdl_WH =    5.7530880000000000E-003
 mdl_WHd =    19.488060000000001     
 mdl_WHu =    19.443239999999999     
 mdl_WHs =    19.488029999999998     
 mdl_WHc =    19.443220000000000     
 mdl_WHb =    18.680980000000002     
 mdl_WHt =    18.943010000000001     
 mdl_WHTodd =    3.9458050000000000     
 mdl_WHTeven =    29.871379999999998     
 mdl_WHe =    19.488060000000001     
 mdl_WHve =    19.961530000000000     
 mdl_WHmu =    19.488060000000001     
 mdl_WHvm =    19.961530000000000     
 mdl_WHta =    19.488019999999999     
 mdl_WHvt =    19.961459999999999     
 mdl_WZH =    5.1765980000000003E-002
 mdl_WWH =    6.2025289999999997E-002
 mdl_WPhi0 =   0.26261220000000002     
 mdl_WPhiP =   0.24213930000000000     
 mdl_WPhiC =   0.13131670000000001     
 mdl_WPhiCC =    0.0000000000000000     
  Internal Params
  ---------------------------------
  
 mdl_cw =   0.87683521827079913     
 mdl_sqrt__sw2 =   0.48079101489108550     
 mdl_sw =   0.48079101489108550     
 mdl_cos__cabi =   0.97418004031982097     
 mdl_CKM1x1 =  ( 0.97418004031982097     ,  0.0000000000000000     )
 mdl_sin__cabi =   0.22577256042856930     
 mdl_CKM1x2 =  ( 0.22577256042856930     ,  0.0000000000000000     )
 mdl_CKM1x3 =  (  0.0000000000000000     ,  0.0000000000000000     )
 mdl_CKM2x1 =  (-0.22577256042856930     ,  0.0000000000000000     )
 mdl_CKM2x2 =  ( 0.97418004031982097     ,  0.0000000000000000     )
 mdl_CKM2x3 =  (  0.0000000000000000     ,  0.0000000000000000     )
 mdl_CKM3x1 =  (  0.0000000000000000     ,  0.0000000000000000     )
 mdl_CKM3x2 =  (  0.0000000000000000     ,  0.0000000000000000     )
 mdl_CKM3x3 =  (  1.0000000000000000     ,  0.0000000000000000     )
 mdl_R__exp__2 =    1.0000000000000000     
 mdl_F__exp__2 =    1000000.0000000000     
 mdl_lam2 =   0.98891933563976298     
 mdl_xL =   0.50000000000000000     
 mdl_xL__exp__2 =   0.25000000000000000     
 mdl_d2 =  -0.20833330000000005     
 mdl_lam2__exp__2 =   0.97796145240219012     
 mdl_lamphi2phi2 =   -15.647383238435042     
 mdl_sqrt__2 =    1.4142135623730951     
 mdl_MH__exp__2 =    15625.000000000000     
 mdl_complexi =  (  0.0000000000000000     ,  1.0000000000000000     )
 mdl_cw__exp__2 =   0.76883999999999997     
 mdl_R__exp__3 =    1.0000000000000000     
 mdl_sw__exp__2 =   0.23116000000000000     
 mdl_sw__exp__4 =    5.3434945599999999E-002
 mdl_sqrt__xL =   0.70710678118654757     
 mdl_F__exp__3 =    1000000000.0000000     
 mdl_xL__exp__1_5 =   0.35355339059327379     
 mdl_xL__exp__2_5 =   0.17677669529663689     
 mdl_xL__exp__3 =   0.12500000000000000     
 mdl_conjg__CKM1x1 =  ( 0.97418004031982097     , -0.0000000000000000     )
 mdl_conjg__CKM1x2 =  ( 0.22577256042856930     , -0.0000000000000000     )
 mdl_conjg__CKM1x3 =  (  0.0000000000000000     , -0.0000000000000000     )
 mdl_conjg__CKM2x1 =  (-0.22577256042856930     , -0.0000000000000000     )
 mdl_conjg__CKM2x2 =  ( 0.97418004031982097     , -0.0000000000000000     )
 mdl_conjg__CKM2x3 =  (  0.0000000000000000     , -0.0000000000000000     )
 mdl_conjg__CKM3x1 =  (  0.0000000000000000     , -0.0000000000000000     )
 mdl_conjg__CKM3x2 =  (  0.0000000000000000     , -0.0000000000000000     )
 mdl_conjg__CKM3x3 =  (  1.0000000000000000     , -0.0000000000000000     )
 mdl_aEW =    7.8186082877247844E-003
 mdl_sqrt__aEW =    8.8422894590285753E-002
 mdl_ee =   0.31345100004952897     
 mdl_g1 =   0.35747993866816113     
 mdl_gw =   0.65194853968004296     
 mdl_vSM =    246.59921790591198     
 mdl_g1__exp__2 =   0.12779190655019224     
 mdl_gw__exp__2 =   0.42503689839094055     
 mdl_xH =   0.14585172544611463     
 mdl_g1I =   0.50555297754081574     
 mdl_gwI =   0.92199446678485075     
 mdl_lamphi4 =    3.7415842663019934     
 mdl_vSM__exp__2 =    60811.174271807460     
 mdl_v =    247.86629815203761     
 mdl_sH =    8.8694146939474923E-003
 mdl_v__exp__2 =    61437.701759594805     
 mdl_lam =   0.12716133215025271     
 mdl_lamphi2 =   0.50864532860101086     
 mdl_yb =    2.6816085093894024E-002
 mdl_yc =    7.2460485253713633E-003
 mdl_ydo =    2.8755972100686356E-005
 mdl_ye =    2.9155360602084775E-006
 mdl_ym =    6.0284841511081759E-004
 mdl_ys =    5.7626055201772265E-004
 mdl_yt =   0.98135460343612158     
 mdl_ytau =    1.0138762385499931E-002
 mdl_yup =    1.4549152550942502E-005
 mdl_sH__exp__2 =    7.8666517013211684E-005
 mdl_cH =   0.99996066596791033     
 mdl_muH =    88.388347648318444     
 mdl_lamhphiphih =  -0.67819377146801452     
 mdl_ee__exp__2 =    9.8251529432049817E-002
 mdl_gwI__exp__2 =   0.85007379678188122     
 mdl_cH__exp__2 =   0.99992133348298673     
  Internal Params evaluated point by point
  ----------------------------------------
  
 mdl_sqrt__aS =   0.34409301068170506     
 mdl_G__exp__2 =    1.4878582807401259     
 mdl_G__exp__3 =    1.8148567439626970     
 mdl_G__exp__4 =    2.2137222635669636     
  Couplings of LHTkl
  ---------------------------------
  
       GC_141 =  -0.00000E+00  -0.31675E+02
       GC_206 =  -0.00000E+00  -0.38639E-01
       GC_208 =   0.00000E+00  -0.32008E-01
       GC_209 =   0.00000E+00  -0.74182E-02
       GC_211 =   0.00000E+00   0.74182E-02
       GC_212 =   0.00000E+00  -0.32008E-01
       GC_214 =   0.00000E+00   0.00000E+00
       GC_215 =   0.00000E+00   0.00000E+00
       GC_235 =  -0.00000E+00  -0.51237E-02
       GC_236 =  -0.00000E+00  -0.20334E-04
       GC_239 =  -0.00000E+00  -0.40748E-03
       GC_242 =  -0.00000E+00  -0.10288E-04
       GC_246 =   0.00000E+00  -0.32008E-01
       GC_250 =   0.00000E+00  -0.74182E-02
       GC_258 =   0.00000E+00   0.74182E-02
       GC_262 =   0.00000E+00  -0.32008E-01
       GC_270 =   0.00000E+00   0.00000E+00
       GC_274 =   0.00000E+00   0.00000E+00

 Collider parameters:
 --------------------

 Running at P P   machine @    13000.000000000000       GeV
 PDF set = nn23lo1
 alpha_s(Mz)= 0.1300 running at 2 loops.
 alpha_s(Mz)= 0.1300 running at 2 loops.
 Renormalization scale set on event-by-event basis
 Factorization   scale set on event-by-event basis


 getting user params
Enter number of events and max and min iterations: 
 Number of events and iterations         1000           5           3
Enter desired fractional accuracy: 
 Desired fractional accuracy:   0.10000000000000001     
Enter 0 for fixed, 2 for adjustable grid: 
Suppress amplitude (0 no, 1 yes)? 
 Using suppressed amplitude.
Exact helicity sum (0 yes, n = number/event)? 
 Explicitly summing over helicities
Enter Configuration Number: 
Running Configuration Number:    4
 Not subdividing B.W.
 Attempting mappinvarients           1           4
 Completed mapping           4
 about to integrate            4        1000           5           3           4           1
 Using non-zero grid deformation.
  4 dimensions   1000 events  4 invarients  5 iterations  1 config(s),  (0.99)
 Using h-tuple random number sequence.
 Error opening grid
 Using Uniform Grid!          16
 Using uniform alpha   1.0000000000000000     
 Grid defined OK
 Set CM energy to      13000.00
 Mapping Graph           4  to config           4
Setting grid   1    0.13841E-03   1
 Transforming s_hat 1/s            3   5.5364859206840245E-004   0.0000000000000000        168999999.99999997     
   4   1   2   3   4
 Masses: 0.504E-02 0.504E-02 0.153E+03 0.153E+03
Using random seed offsets     4 :      1
  with seed                   24
 Ranmar initialization seeds       31062        9398
 
 ********************************************
 * You are using the DiscreteSampler module *
 *      part of the MG5_aMC framework       *
 *         Author: Valentin Hirschi         *
 ********************************************
 
  Particle       3       4
      Et >     0.0     0.0
       E >     0.0     0.0
     Eta <    -1.0    -1.0
   xqcut:      0.0     0.0
d R # 3  >    -0.0     0.0
s min # 3>     0.0     0.0
xqcutij # 3>     0.0     0.0
 alpha_s for scale    202.20236214863905       is   0.11478940492106496     
 Added good helicity           10   3.0192806106405672E-006  in event            1 local:           1
 Added good helicity           14   5.2970958568015049E-004  in event            1 local:           1
 Added good helicity           18   2.9957027671156060E-006  in event            1 local:           1
 Added good helicity           19   2.9957027671156060E-006  in event            1 local:           1
 Added good helicity           23   5.2970958568015049E-004  in event            1 local:           1
 Added good helicity           27   3.0192806106405672E-006  in event            1 local:           1
 Added good helicity           28   3.8021484581104589E-002  in event            1 local:           1
 Added good helicity           29   14.027164586571759       in event            1 local:           1
 Added good helicity           30  0.21189757308191842       in event            1 local:           1
 Added good helicity           31   2.0752336565444535E-002  in event            1 local:           1
 Added good helicity           32   7.6149314413394524       in event            1 local:           1
 Added good helicity           33   14.027164586571761       in event            1 local:           1
 Added good helicity           34   2.2272071433004567E-004  in event            1 local:           1
 Added good helicity           35   2.0752336565444528E-002  in event            1 local:           1
 Added good helicity           36   3.8021484581104589E-002  in event            1 local:           1
 Added good helicity           10   3.0192806106405672E-006  in event            1 local:           1
 Added good helicity           14   5.2970958568015049E-004  in event            1 local:           1
 Added good helicity           18   2.9957027671156060E-006  in event            1 local:           1
 Added good helicity           19   2.9957027671156060E-006  in event            1 local:           1
 Added good helicity           23   5.2970958568015049E-004  in event            1 local:           1
 Added good helicity           27   3.0192806106405672E-006  in event            1 local:           1
 Added good helicity           28   3.8021484581104589E-002  in event            1 local:           1
 Added good helicity           29   14.027164586571759       in event            1 local:           1
 Added good helicity           30  0.21189757308191842       in event            1 local:           1
 Added good helicity           31   2.0752336565444535E-002  in event            1 local:           1
 Added good helicity           32   7.6149314413394524       in event            1 local:           1
 Added good helicity           33   14.027164586571761       in event            1 local:           1
 Added good helicity           34   2.2272071433004567E-004  in event            1 local:           1
 Added good helicity           35   2.0752336565444528E-002  in event            1 local:           1
 Added good helicity           36   3.8021484581104589E-002  in event            1 local:           1
 RESET CUMULATIVE VARIABLE
 RESET CUMULATIVE VARIABLE
 RESET CUMULATIVE VARIABLE
 Iteration  1   Mean: 0.1172E-07 Abs mean: 0.1172E-07   Fluctuation:  0.439E-08   0.301E-05    99.9%
  1    0.1172E-07 0.1172E-07 +- 0.4386E-08     11.84
 Writing out events   2.3456340345978718E-012   11.836534730814982     
 Relative summed weights:
  0.6053E-01  0.5292E+00
  0.1949E+00  0.2154E+00
 Relative number of events:
  0.2613E+00  0.2396E+00
  0.2485E+00  0.2505E+00
 Events:
         265         243
         252         254
 Iteration  2   Mean: 0.8946E-08 Abs mean: 0.8946E-08   Fluctuation:  0.869E-09   0.632E-06   100.0%
  2    0.8946E-08 0.8946E-08 +- 0.8688E-09      4.34
 Relative summed weights:
  0.2835E+00  0.2218E+00
  0.2549E+00  0.2398E+00
 Relative number of events:
  0.2650E+00  0.2375E+00
  0.2475E+00  0.2500E+00
 Events:
         530         475
         495         500
 Iteration  3   Mean: 0.1032E-07 Abs mean: 0.1032E-07   Fluctuation:  0.638E-09   0.165E-05   100.0%
  3    0.1032E-07 0.1032E-07 +- 0.6382E-09      3.91
 Relative summed weights:
  0.2673E+00  0.2609E+00
  0.2351E+00  0.2367E+00
 Relative number of events:
  0.2460E+00  0.2485E+00
  0.2560E+00  0.2495E+00
 Events:
         984         994
        1024         998
 Accuracy:    0.047   0.100   0.052   0.832
 Finished due to accuracy    4.7122002814542298E-002  0.10000000000000001     

 -------------------------------------------------------------------------------
 Accumulated results:   Integral =  0.9957E-08
                        Std dev  =  0.5144E-09
                       Cross sec =  0.9957E-08
             Chi**2 per DoF.     =      0.8319
 -------------------------------------------------------------------------------
 Found          364  events.
 Wrote           26  events.
 Actual xsec    9.9573949218893013E-009
 Correct abs xsec    9.9573949218893013E-009
 Event xsec    9.9573949218893096E-009
 Events wgts > 1:            0
 % Cross section > 1:    0.0000000000000000        0.0000000000000000     
-------------------------------------------------
---------------------------
 Results Last   3 iters: Integral =   0.9957E-08
                     Abs integral =   0.9957E-08
                          Std dev =   0.5144E-09
                  Chi**2 per DoF. =      0.9199
-------------------------------------------------
---------------------------
 Status  0.10000000000000001                4           5

ls status:
events.lhe
ftn26
input_app.txt
results.dat
run1_app.log
